<?xml version="1.0" encoding="utf-8"?><testsuites name="pytest tests"><testsuite name="pytest" errors="0" failures="0" skipped="0" tests="10" time="5.806" timestamp="2026-02-27T02:03:26.543682+00:00" hostname="agent-env-9a606fd5-1212-400d-ae2d-d35aeaa3149c"><testcase classname="backend.tests.test_idea_wizard.TestHealthCheck" name="test_health_endpoint" time="0.158" /><testcase classname="backend.tests.test_idea_wizard.TestIdeaWizardAuth" name="test_wizard_create_requires_auth" time="0.305" /><testcase classname="backend.tests.test_idea_wizard.TestIdeaWizardFunctionality" name="test_wizard_create_with_valid_data" time="2.508" /><testcase classname="backend.tests.test_idea_wizard.TestIdeaWizardFunctionality" name="test_wizard_book_persists_in_db" time="0.300" /><testcase classname="backend.tests.test_idea_wizard.TestIdeaWizardFunctionality" name="test_wizard_chapters_created" time="0.466" /><testcase classname="backend.tests.test_idea_wizard.TestIdeaWizardFunctionality" name="test_wizard_validates_chapter_count_min" time="0.171" /><testcase classname="backend.tests.test_idea_wizard.TestIdeaWizardFunctionality" name="test_wizard_validates_chapter_count_max" time="0.156" /><testcase classname="backend.tests.test_idea_wizard.TestIdeaWizardFunctionality" name="test_wizard_requires_idea_field" time="0.109" /><testcase classname="backend.tests.test_idea_wizard.TestBookEditorSaveWithFocusMode" name="test_chapter_update_works" time="0.996" /><testcase classname="backend.tests.test_idea_wizard.TestRegressionBookCreation" name="test_normal_book_creation_still_works" time="0.539" /></testsuite></testsuites>