<?xml version="1.0" encoding="utf-8"?><testsuites name="pytest tests"><testsuite name="pytest" errors="0" failures="6" skipped="0" tests="21" time="5.372" timestamp="2026-02-27T01:37:47.738804+00:00" hostname="agent-env-9a606fd5-1212-400d-ae2d-d35aeaa3149c"><testcase classname="backend.tests.test_import_features.TestHealthAndBasics" name="test_health_endpoint" time="0.218" /><testcase classname="backend.tests.test_import_features.TestHealthAndBasics" name="test_root_endpoint" time="0.156" /><testcase classname="backend.tests.test_import_features.TestAuthFlow" name="test_auth_register" time="0.396" /><testcase classname="backend.tests.test_import_features.TestAuthFlow" name="test_auth_login" time="0.340" /><testcase classname="backend.tests.test_import_features.TestAuthFlow" name="test_auth_refresh" time="0.140" /><testcase classname="backend.tests.test_import_features.TestAuthFlow" name="test_auth_me" time="0.200" /><testcase classname="backend.tests.test_import_features.TestBooksCRUD" name="test_create_book" time="0.466" /><testcase classname="backend.tests.test_import_features.TestBooksCRUD" name="test_get_books" time="0.069" /><testcase classname="backend.tests.test_import_features.TestBooksCRUD" name="test_create_and_get_book" time="0.124" /><testcase classname="backend.tests.test_import_features.TestImportEndpoints" name="test_batch_import_requires_auth" time="0.121"><failure message="assert (403 == 401 or 403 == 422)&#10; +  where 403 = &lt;Response [403]&gt;.status_code&#10; +  and   403 = &lt;Response [403]&gt;.status_code">backend/tests/test_import_features.py:190: in test_batch_import_requires_auth
    assert response.status_code == 401 or response.status_code == 422  # 401 auth or 422 validation
    ^^^^^^^^^^^^^^^^^^^^^^^^^^^^^^^^^^^^^^^^^^^^^^^^^^^^^^^^^^^^^^^^^
E   assert (403 == 401 or 403 == 422)
E    +  where 403 = &lt;Response [403]&gt;.status_code
E    +  and   403 = &lt;Response [403]&gt;.status_code</failure></testcase><testcase classname="backend.tests.test_import_features.TestImportEndpoints" name="test_url_import_requires_auth" time="0.114"><failure message="assert 403 == 401&#10; +  where 403 = &lt;Response [403]&gt;.status_code">backend/tests/test_import_features.py:197: in test_url_import_requires_auth
    assert response.status_code == 401
E   assert 403 == 401
E    +  where 403 = &lt;Response [403]&gt;.status_code</failure></testcase><testcase classname="backend.tests.test_import_features.TestImportEndpoints" name="test_smart_paste_requires_auth" time="0.120"><failure message="assert 403 == 401&#10; +  where 403 = &lt;Response [403]&gt;.status_code">backend/tests/test_import_features.py:204: in test_smart_paste_requires_auth
    assert response.status_code == 401
E   assert 403 == 401
E    +  where 403 = &lt;Response [403]&gt;.status_code</failure></testcase><testcase classname="backend.tests.test_import_features.TestImportEndpoints" name="test_detect_structure_requires_auth" time="0.198"><failure message="assert 403 == 401&#10; +  where 403 = &lt;Response [403]&gt;.status_code">backend/tests/test_import_features.py:211: in test_detect_structure_requires_auth
    assert response.status_code == 401
E   assert 403 == 401
E    +  where 403 = &lt;Response [403]&gt;.status_code</failure></testcase><testcase classname="backend.tests.test_import_features.TestImportEndpoints" name="test_url_import_with_auth" time="0.473" /><testcase classname="backend.tests.test_import_features.TestImportEndpoints" name="test_url_import_with_valid_url" time="0.207" /><testcase classname="backend.tests.test_import_features.TestImportEndpoints" name="test_google_drive_url_handling" time="0.232" /><testcase classname="backend.tests.test_import_features.TestImportEndpoints" name="test_smart_paste_with_auth" time="0.351" /><testcase classname="backend.tests.test_import_features.TestImportEndpoints" name="test_detect_structure_with_auth" time="0.110" /><testcase classname="backend.tests.test_import_features.TestChapterReorder" name="test_reorder_chapters_requires_auth" time="0.103"><failure message="assert 403 == 401&#10; +  where 403 = &lt;Response [403]&gt;.status_code">backend/tests/test_import_features.py:346: in test_reorder_chapters_requires_auth
    assert response.status_code == 401
E   assert 403 == 401
E    +  where 403 = &lt;Response [403]&gt;.status_code</failure></testcase><testcase classname="backend.tests.test_import_features.TestChapterReorder" name="test_reorder_chapters" time="1.000" /><testcase classname="backend.tests.test_import_features.TestStats" name="test_stats_endpoint" time="0.111"><failure message="assert 403 == 401&#10; +  where 403 = &lt;Response [403]&gt;.status_code">backend/tests/test_import_features.py:375: in test_stats_endpoint
    assert response.status_code == 401
E   assert 403 == 401
E    +  where 403 = &lt;Response [403]&gt;.status_code</failure></testcase></testsuite></testsuites>