<?xml version="1.0" encoding="utf-8"?><testsuites name="pytest tests"><testsuite name="pytest" errors="0" failures="0" skipped="0" tests="21" time="4.836" timestamp="2026-02-27T01:38:12.938985+00:00" hostname="agent-env-9a606fd5-1212-400d-ae2d-d35aeaa3149c"><testcase classname="backend.tests.test_import_features.TestHealthAndBasics" name="test_health_endpoint" time="0.157" /><testcase classname="backend.tests.test_import_features.TestHealthAndBasics" name="test_root_endpoint" time="0.113" /><testcase classname="backend.tests.test_import_features.TestAuthFlow" name="test_auth_register" time="0.388" /><testcase classname="backend.tests.test_import_features.TestAuthFlow" name="test_auth_login" time="0.346" /><testcase classname="backend.tests.test_import_features.TestAuthFlow" name="test_auth_refresh" time="0.110" /><testcase classname="backend.tests.test_import_features.TestAuthFlow" name="test_auth_me" time="0.106" /><testcase classname="backend.tests.test_import_features.TestBooksCRUD" name="test_create_book" time="0.457" /><testcase classname="backend.tests.test_import_features.TestBooksCRUD" name="test_get_books" time="0.064" /><testcase classname="backend.tests.test_import_features.TestBooksCRUD" name="test_create_and_get_book" time="0.144" /><testcase classname="backend.tests.test_import_features.TestImportEndpoints" name="test_batch_import_requires_auth" time="0.121" /><testcase classname="backend.tests.test_import_features.TestImportEndpoints" name="test_url_import_requires_auth" time="0.115" /><testcase classname="backend.tests.test_import_features.TestImportEndpoints" name="test_smart_paste_requires_auth" time="0.117" /><testcase classname="backend.tests.test_import_features.TestImportEndpoints" name="test_detect_structure_requires_auth" time="0.108" /><testcase classname="backend.tests.test_import_features.TestImportEndpoints" name="test_url_import_with_auth" time="0.452" /><testcase classname="backend.tests.test_import_features.TestImportEndpoints" name="test_url_import_with_valid_url" time="0.185" /><testcase classname="backend.tests.test_import_features.TestImportEndpoints" name="test_google_drive_url_handling" time="0.150" /><testcase classname="backend.tests.test_import_features.TestImportEndpoints" name="test_smart_paste_with_auth" time="0.300" /><testcase classname="backend.tests.test_import_features.TestImportEndpoints" name="test_detect_structure_with_auth" time="0.127" /><testcase classname="backend.tests.test_import_features.TestChapterReorder" name="test_reorder_chapters_requires_auth" time="0.116" /><testcase classname="backend.tests.test_import_features.TestChapterReorder" name="test_reorder_chapters" time="0.966" /><testcase classname="backend.tests.test_import_features.TestStats" name="test_stats_endpoint" time="0.109" /></testsuite></testsuites>